<?xml version="1.0" encoding="UTF-8"?>
<!-- Generated by org.testng.reporters.JUnitReportReporter -->
<testsuite hostname="DESKTOP-69G3T7I" failures="0" tests="5" name="com.para.testcase.ApplyLoanNegativeScenario" time="21.088" errors="0" timestamp="2021-08-10T22:15:23 IST" skipped="0">
  <testcase classname="com.para.testcase.ApplyLoanNegativeScenario" name="login" time="14.580"/>
  <system-out/>
  <testcase classname="com.para.testcase.ApplyLoanNegativeScenario" name="navigatetorequestload" time="1.092"/>
  <system-out/>
  <testcase classname="com.para.testcase.ApplyLoanNegativeScenario" name="fillinloandetails" time="0.259"/>
  <system-out/>
  <testcase classname="com.para.testcase.ApplyLoanNegativeScenario" name="applyloan" time="0.112"/>
  <system-out/>
  <testcase classname="com.para.testcase.ApplyLoanNegativeScenario" name="verifystatus" time="5.045"/>
  <system-out/>
</testsuite> <!-- com.para.testcase.ApplyLoanNegativeScenario -->
