<?xml version="1.0" encoding="UTF-8"?>
<!-- Generated by org.testng.reporters.JUnitReportReporter -->
<testsuite hostname="DESKTOP-69G3T7I" failures="0" tests="1" name="com.para.testcase.TestClass" time="11.897" errors="0" timestamp="2021-08-01T17:22:14 IST" skipped="0">
  <testcase classname="com.para.testcase.TestClass" name="login" time="11.897"/>
  <system-out/>
</testsuite> <!-- com.para.testcase.TestClass -->
