<?xml version="1.0" encoding="UTF-8"?>
<!-- Generated by org.testng.reporters.JUnitReportReporter -->
<testsuite hostname="DESKTOP-69G3T7I" failures="0" tests="1" name="com.para.testcase.LoginAccount" time="2.175" errors="0" timestamp="2021-08-02T17:39:14 IST" skipped="0">
  <testcase classname="com.para.testcase.LoginAccount" name="login" time="2.175"/>
  <system-out/>
</testsuite> <!-- com.para.testcase.LoginAccount -->
