<?xml version="1.0" encoding="UTF-8"?>
<!-- Generated by org.testng.reporters.JUnitReportReporter -->
<testsuite hostname="DESKTOP-69G3T7I" failures="0" tests="4" name="com.para.testcase.RegisterAccount" time="2.865" errors="0" timestamp="2021-08-02T17:45:40 IST" skipped="0">
  <testcase classname="com.para.testcase.RegisterAccount" name="navigatetoregister" time="0.609"/>
  <system-out/>
  <testcase classname="com.para.testcase.RegisterAccount" name="fillinalldetails" time="1.195"/>
  <system-out/>
  <testcase classname="com.para.testcase.RegisterAccount" name="submitregisterbutton" time="0.980"/>
  <system-out/>
  <testcase classname="com.para.testcase.RegisterAccount" name="verifyregistration" time="0.081"/>
  <system-out/>
</testsuite> <!-- com.para.testcase.RegisterAccount -->
