<?xml version="1.0" encoding="UTF-8"?>
<!-- Generated by org.testng.reporters.JUnitReportReporter -->
<testsuite hostname="DESKTOP-69G3T7I" failures="0" tests="5" name="com.para.testcase.ApplyLoanPositiveScenario" time="9.201" errors="0" timestamp="2021-08-12T11:57:37 IST" skipped="0">
  <testcase classname="com.para.testcase.ApplyLoanPositiveScenario" name="login" time="2.599"/>
  <system-out/>
  <testcase classname="com.para.testcase.ApplyLoanPositiveScenario" name="navigatetorequestload" time="1.139"/>
  <system-out/>
  <testcase classname="com.para.testcase.ApplyLoanPositiveScenario" name="fillinloandetails" time="0.267"/>
  <system-out/>
  <testcase classname="com.para.testcase.ApplyLoanPositiveScenario" name="applyloan" time="0.125"/>
  <system-out/>
  <testcase classname="com.para.testcase.ApplyLoanPositiveScenario" name="verifystatus" time="5.071"/>
  <system-out/>
</testsuite> <!-- com.para.testcase.ApplyLoanPositiveScenario -->
