<?xml version="1.0" encoding="UTF-8"?>
<!-- Generated by org.testng.reporters.JUnitReportReporter -->
<testsuite hostname="DESKTOP-69G3T7I" failures="0" tests="4" name="com.para.testcase.RegisterAccount" time="9.426" errors="0" timestamp="2021-08-11T17:34:38 IST" skipped="0">
  <testcase classname="com.para.testcase.RegisterAccount" name="navigatetoregister" time="1.159"/>
  <system-out/>
  <testcase classname="com.para.testcase.RegisterAccount" name="fillinalldetails" time="7.170"/>
  <system-out/>
  <testcase classname="com.para.testcase.RegisterAccount" name="submitregisterbutton" time="1.029"/>
  <system-out/>
  <testcase classname="com.para.testcase.RegisterAccount" name="verifyregistration" time="0.068"/>
  <system-out/>
</testsuite> <!-- com.para.testcase.RegisterAccount -->
