<?xml version="1.0" encoding="UTF-8"?>
<!-- Generated by org.testng.reporters.JUnitReportReporter -->
<testsuite hostname="DESKTOP-69G3T7I" failures="0" tests="5" name="com.para.testcase.ApplyLoanPositiveScenario" time="8.030" errors="0" timestamp="2021-08-02T18:07:15 IST" skipped="0">
  <testcase classname="com.para.testcase.ApplyLoanPositiveScenario" name="login" time="1.631"/>
  <system-out/>
  <testcase classname="com.para.testcase.ApplyLoanPositiveScenario" name="navigatetorequestload" time="1.004"/>
  <system-out/>
  <testcase classname="com.para.testcase.ApplyLoanPositiveScenario" name="fillinloandetails" time="0.222"/>
  <system-out/>
  <testcase classname="com.para.testcase.ApplyLoanPositiveScenario" name="applyloan" time="0.104"/>
  <system-out/>
  <testcase classname="com.para.testcase.ApplyLoanPositiveScenario" name="verifystatus" time="5.069"/>
  <system-out/>
</testsuite> <!-- com.para.testcase.ApplyLoanPositiveScenario -->
