<?xml version="1.0" encoding="UTF-8"?>
<!-- Generated by org.testng.reporters.JUnitReportReporter -->
<testsuite hostname="DESKTOP-69G3T7I" failures="0" tests="5" name="com.para.testcase.ApplyLoanPositiveScenario" time="15.962" errors="0" timestamp="2021-08-10T22:16:31 IST" skipped="0">
  <testcase classname="com.para.testcase.ApplyLoanPositiveScenario" name="login" time="9.548"/>
  <system-out/>
  <testcase classname="com.para.testcase.ApplyLoanPositiveScenario" name="navigatetorequestload" time="1.028"/>
  <system-out/>
  <testcase classname="com.para.testcase.ApplyLoanPositiveScenario" name="fillinloandetails" time="0.218"/>
  <system-out/>
  <testcase classname="com.para.testcase.ApplyLoanPositiveScenario" name="applyloan" time="0.107"/>
  <system-out/>
  <testcase classname="com.para.testcase.ApplyLoanPositiveScenario" name="verifystatus" time="5.061"/>
  <system-out/>
</testsuite> <!-- com.para.testcase.ApplyLoanPositiveScenario -->
