<?xml version="1.0" encoding="UTF-8"?>
<!-- Generated by org.testng.reporters.JUnitReportReporter -->
<testsuite hostname="DESKTOP-69G3T7I" failures="0" tests="4" name="com.para.testcase.RegisterAccount" time="14.360" errors="0" timestamp="2021-08-03T20:21:48 IST" skipped="0">
  <testcase classname="com.para.testcase.RegisterAccount" name="navigatetoregister" time="11.800"/>
  <system-out/>
  <testcase classname="com.para.testcase.RegisterAccount" name="fillinalldetails" time="1.499"/>
  <system-out/>
  <testcase classname="com.para.testcase.RegisterAccount" name="submitregisterbutton" time="0.996"/>
  <system-out/>
  <testcase classname="com.para.testcase.RegisterAccount" name="verifyregistration" time="0.065"/>
  <system-out/>
</testsuite> <!-- com.para.testcase.RegisterAccount -->
