<?xml version="1.0" encoding="UTF-8"?>
<!-- Generated by org.testng.reporters.JUnitReportReporter -->
<testsuite hostname="DESKTOP-69G3T7I" failures="0" tests="1" name="com.para.testcase.DemoRun" time="8.333" errors="0" timestamp="2021-07-31T21:33:36 IST" skipped="0">
  <testcase classname="com.para.testcase.DemoRun" name="test" time="8.333"/>
  <system-out/>
</testsuite> <!-- com.para.testcase.DemoRun -->
