<?xml version="1.0" encoding="UTF-8"?>
<!-- Generated by org.testng.reporters.JUnitReportReporter -->
<testsuite hostname="DESKTOP-69G3T7I" failures="0" tests="5" name="com.para.testcase.PayBill" time="19.295" errors="0" timestamp="2021-08-10T22:10:55 IST" skipped="0">
  <testcase classname="com.para.testcase.PayBill" name="login" time="11.059"/>
  <system-out/>
  <testcase classname="com.para.testcase.PayBill" name="navigatetopaybill" time="0.671"/>
  <system-out/>
  <testcase classname="com.para.testcase.PayBill" name="fillinalldetails" time="2.416"/>
  <system-out/>
  <testcase classname="com.para.testcase.PayBill" name="submit" time="0.095"/>
  <system-out/>
  <testcase classname="com.para.testcase.PayBill" name="verifymessage" time="5.054"/>
  <system-out/>
</testsuite> <!-- com.para.testcase.PayBill -->
