<?xml version="1.0" encoding="UTF-8"?>
<!-- Generated by org.testng.reporters.JUnitReportReporter -->
<testsuite hostname="DESKTOP-69G3T7I" failures="0" tests="1" name="com.para.testcase.LoginAccount" time="10.322" errors="0" timestamp="2021-08-03T20:10:48 IST" skipped="0">
  <testcase classname="com.para.testcase.LoginAccount" name="login" time="10.322"/>
  <system-out/>
</testsuite> <!-- com.para.testcase.LoginAccount -->
