<?xml version="1.0" encoding="UTF-8"?>
<!-- Generated by org.testng.reporters.JUnitReportReporter -->
<testsuite hostname="DESKTOP-69G3T7I" failures="0" tests="5" name="com.para.testcase.PayBill" time="17.212" errors="0" timestamp="2021-08-03T20:21:11 IST" skipped="0">
  <testcase classname="com.para.testcase.PayBill" name="login" time="10.485"/>
  <system-out/>
  <testcase classname="com.para.testcase.PayBill" name="navigatetopaybill" time="0.506"/>
  <system-out/>
  <testcase classname="com.para.testcase.PayBill" name="fillinalldetails" time="1.078"/>
  <system-out/>
  <testcase classname="com.para.testcase.PayBill" name="submit" time="0.098"/>
  <system-out/>
  <testcase classname="com.para.testcase.PayBill" name="verifymessage" time="5.045"/>
  <system-out/>
</testsuite> <!-- com.para.testcase.PayBill -->
