<?xml version="1.0" encoding="UTF-8"?>
<!-- Generated by org.testng.reporters.JUnitReportReporter -->
<testsuite hostname="DESKTOP-69G3T7I" failures="0" tests="1" name="com.para.testcase.Login" time="2.289" errors="0" timestamp="2021-08-11T20:05:43 IST" skipped="0">
  <testcase classname="com.para.testcase.Login" name="login" time="2.289"/>
  <system-out/>
</testsuite> <!-- com.para.testcase.Login -->
