<?xml version="1.0" encoding="UTF-8"?>
<!-- Generated by org.testng.reporters.JUnitReportReporter -->
<testsuite hostname="DESKTOP-69G3T7I" failures="0" tests="1" name="com.para.testcase.PayBill" time="2.359" errors="0" timestamp="2021-08-02T18:14:19 IST" skipped="0">
  <testcase classname="com.para.testcase.PayBill" name="login" time="2.359"/>
  <system-out/>
</testsuite> <!-- com.para.testcase.PayBill -->
